
10월 05, 2023 10:47:03.415 NEW SESSION
10월 05, 2023 10:47:03.416 INFO: Created TensorFlow Lite XNNPACK delegate for CPU.
10월 05, 2023 12:21:18.832 [1041148:1041152:1005/122118.831:ERROR:CONSOLE(17)] "Lockdown failed: TypeError: At intrinsics.Object.groupBy expected boolean not function", source: chrome-extension://nkbihfbeogaeaoehlefnkodbefgpgknn/lockdown-run.js (17)
10월 05, 2023 12:21:18.833 [1041148:1041152:1005/122118.832:ERROR:CONSOLE(99)] "Protecting intrinsics failed: ReferenceError: harden is not defined", source: chrome-extension://nkbihfbeogaeaoehlefnkodbefgpgknn/lockdown-more.js (99)
10월 05, 2023 12:43:24.478 INFO: Created TensorFlow Lite XNNPACK delegate for CPU.

10월 05, 2023 23:36:21.557 NEW SESSION
10월 05, 2023 23:36:21.557 INFO: Created TensorFlow Lite XNNPACK delegate for CPU.
10월 05, 2023 23:38:17.533 INFO: Created TensorFlow Lite XNNPACK delegate for CPU.

10월 06, 2023 09:17:49.630 NEW SESSION
10월 06, 2023 09:17:49.630 INFO: Created TensorFlow Lite XNNPACK delegate for CPU.
10월 06, 2023 09:19:47.231 INFO: Created TensorFlow Lite XNNPACK delegate for CPU.
10월 06, 2023 09:20:25.184 INFO: Created TensorFlow Lite XNNPACK delegate for CPU.
10월 06, 2023 09:27:03.423 INFO: Created TensorFlow Lite XNNPACK delegate for CPU.
10월 06, 2023 09:37:52.229 INFO: Created TensorFlow Lite XNNPACK delegate for CPU.
10월 06, 2023 09:38:01.715 [8020:14232:1006/093801.715:ERROR:get_updates_processor.cc(261)] PostClientToServerMessage() failed during GetUpdates with error 2
10월 06, 2023 09:51:16.999 INFO: Created TensorFlow Lite XNNPACK delegate for CPU.
10월 06, 2023 09:52:00.316 INFO: Created TensorFlow Lite XNNPACK delegate for CPU.
10월 06, 2023 10:11:13.830 INFO: Created TensorFlow Lite XNNPACK delegate for CPU.
10월 06, 2023 13:16:01.71 INFO: Created TensorFlow Lite XNNPACK delegate for CPU.
10월 06, 2023 13:26:06.434 INFO: Created TensorFlow Lite XNNPACK delegate for CPU.
10월 06, 2023 13:36:18.142 INFO: Created TensorFlow Lite XNNPACK delegate for CPU.
10월 06, 2023 14:22:10.742 INFO: Created TensorFlow Lite XNNPACK delegate for CPU.
10월 06, 2023 14:40:33.361 INFO: Created TensorFlow Lite XNNPACK delegate for CPU.
10월 06, 2023 14:43:31.369 INFO: Created TensorFlow Lite XNNPACK delegate for CPU.
10월 06, 2023 14:47:46.107 INFO: Created TensorFlow Lite XNNPACK delegate for CPU.
10월 06, 2023 14:48:35.956 INFO: Created TensorFlow Lite XNNPACK delegate for CPU.
10월 06, 2023 14:49:09.850 INFO: Created TensorFlow Lite XNNPACK delegate for CPU.
10월 06, 2023 14:54:44.289 INFO: Created TensorFlow Lite XNNPACK delegate for CPU.
10월 06, 2023 14:55:25.528 INFO: Created TensorFlow Lite XNNPACK delegate for CPU.
10월 06, 2023 14:57:00.712 INFO: Created TensorFlow Lite XNNPACK delegate for CPU.
10월 06, 2023 15:17:06.61 INFO: Created TensorFlow Lite XNNPACK delegate for CPU.
10월 06, 2023 15:17:49.808 INFO: Created TensorFlow Lite XNNPACK delegate for CPU.
10월 06, 2023 15:18:34.566 INFO: Created TensorFlow Lite XNNPACK delegate for CPU.
10월 06, 2023 15:19:24.793 INFO: Created TensorFlow Lite XNNPACK delegate for CPU.
10월 06, 2023 15:27:47.26 INFO: Created TensorFlow Lite XNNPACK delegate for CPU.
10월 06, 2023 15:30:39.265 INFO: Created TensorFlow Lite XNNPACK delegate for CPU.
10월 06, 2023 15:31:42.742 INFO: Created TensorFlow Lite XNNPACK delegate for CPU.
10월 06, 2023 15:37:41.805 INFO: Created TensorFlow Lite XNNPACK delegate for CPU.
10월 06, 2023 15:45:12.318 INFO: Created TensorFlow Lite XNNPACK delegate for CPU.
10월 06, 2023 15:46:33.120 INFO: Created TensorFlow Lite XNNPACK delegate for CPU.
10월 06, 2023 16:14:36.577 INFO: Created TensorFlow Lite XNNPACK delegate for CPU.
10월 06, 2023 16:16:39.494 INFO: Created TensorFlow Lite XNNPACK delegate for CPU.
10월 06, 2023 16:17:54.259 INFO: Created TensorFlow Lite XNNPACK delegate for CPU.
10월 06, 2023 16:18:25.981 INFO: Created TensorFlow Lite XNNPACK delegate for CPU.
10월 06, 2023 16:46:54.507 INFO: Created TensorFlow Lite XNNPACK delegate for CPU.
10월 06, 2023 16:47:26.285 INFO: Created TensorFlow Lite XNNPACK delegate for CPU.
10월 06, 2023 16:47:38.41 INFO: Created TensorFlow Lite XNNPACK delegate for CPU.
10월 06, 2023 16:49:46.404 INFO: Created TensorFlow Lite XNNPACK delegate for CPU.
10월 06, 2023 16:50:16.04 INFO: Created TensorFlow Lite XNNPACK delegate for CPU.
10월 06, 2023 16:50:40.913 INFO: Created TensorFlow Lite XNNPACK delegate for CPU.
10월 06, 2023 16:51:24.820 INFO: Created TensorFlow Lite XNNPACK delegate for CPU.
10월 06, 2023 16:51:56.158 INFO: Created TensorFlow Lite XNNPACK delegate for CPU.
10월 06, 2023 16:52:09.626 INFO: Created TensorFlow Lite XNNPACK delegate for CPU.
10월 06, 2023 16:54:31.123 INFO: Created TensorFlow Lite XNNPACK delegate for CPU.
10월 06, 2023 16:55:23.557 INFO: Created TensorFlow Lite XNNPACK delegate for CPU.

10월 10, 2023 14:43:35.748 NEW SESSION
10월 10, 2023 14:43:35.748 INFO: Created TensorFlow Lite XNNPACK delegate for CPU.
10월 10, 2023 14:44:44.287 INFO: Created TensorFlow Lite XNNPACK delegate for CPU.
10월 10, 2023 14:47:31.527 INFO: Created TensorFlow Lite XNNPACK delegate for CPU.
10월 10, 2023 15:06:43.738 [22132:18336:1010/150643.738:ERROR:CONSOLE(17)] "Lockdown failed: TypeError: At intrinsics.Object.groupBy expected boolean not function", source: chrome-extension://nkbihfbeogaeaoehlefnkodbefgpgknn/lockdown-run.js (17)
10월 10, 2023 15:06:43.739 [22132:18336:1010/150643.739:ERROR:CONSOLE(99)] "Protecting intrinsics failed: ReferenceError: harden is not defined", source: chrome-extension://nkbihfbeogaeaoehlefnkodbefgpgknn/lockdown-more.js (99)
10월 10, 2023 15:42:38.311 INFO: Created TensorFlow Lite XNNPACK delegate for CPU.
10월 10, 2023 15:53:21.226 [22384:15616:1010/155321.225:ERROR:interface_endpoint_client.cc(702)] Message 0 rejected by interface blink.mojom.WidgetHost
10월 10, 2023 16:10:57.299 [22384:15616:1010/161057.299:ERROR:interface_endpoint_client.cc(702)] Message 0 rejected by interface blink.mojom.WidgetHost

10월 10, 2023 16:21:48.172 NEW SESSION
10월 10, 2023 16:21:48.172 INFO: Created TensorFlow Lite XNNPACK delegate for CPU.
10월 10, 2023 16:42:50.832 INFO: Created TensorFlow Lite XNNPACK delegate for CPU.
10월 10, 2023 16:47:35.109 INFO: Created TensorFlow Lite XNNPACK delegate for CPU.
10월 10, 2023 16:48:59.878 INFO: Created TensorFlow Lite XNNPACK delegate for CPU.
10월 10, 2023 16:54:41.178 INFO: Created TensorFlow Lite XNNPACK delegate for CPU.

10월 11, 2023 12:14:47.150 NEW SESSION
10월 11, 2023 12:14:47.150 INFO: Created TensorFlow Lite XNNPACK delegate for CPU.
10월 11, 2023 12:41:11.460 [8840:16128:1011/124111.459:ERROR:connection_factory_impl.cc(471)] ConnectionHandler failed with net error: -2
10월 11, 2023 15:44:14.728 INFO: Created TensorFlow Lite XNNPACK delegate for CPU.
10월 11, 2023 15:46:09.34 INFO: Created TensorFlow Lite XNNPACK delegate for CPU.
10월 11, 2023 16:13:09.113 INFO: Created TensorFlow Lite XNNPACK delegate for CPU.
10월 11, 2023 16:14:12.207 INFO: Created TensorFlow Lite XNNPACK delegate for CPU.
10월 11, 2023 16:14:47.116 INFO: Created TensorFlow Lite XNNPACK delegate for CPU.
10월 11, 2023 16:17:53.613 INFO: Created TensorFlow Lite XNNPACK delegate for CPU.
10월 11, 2023 16:21:01.777 INFO: Created TensorFlow Lite XNNPACK delegate for CPU.
10월 11, 2023 16:23:09.563 INFO: Created TensorFlow Lite XNNPACK delegate for CPU.
10월 11, 2023 16:23:46.51 INFO: Created TensorFlow Lite XNNPACK delegate for CPU.
10월 11, 2023 16:42:13.668 INFO: Created TensorFlow Lite XNNPACK delegate for CPU.
10월 11, 2023 16:54:36.614 INFO: Created TensorFlow Lite XNNPACK delegate for CPU.

10월 11, 2023 17:21:47.288 NEW SESSION
10월 11, 2023 17:21:47.288 INFO: Created TensorFlow Lite XNNPACK delegate for CPU.
10월 11, 2023 17:29:05.387 INFO: Created TensorFlow Lite XNNPACK delegate for CPU.

10월 11, 2023 21:51:26.262 NEW SESSION
10월 11, 2023 21:51:26.262 INFO: Created TensorFlow Lite XNNPACK delegate for CPU.
10월 11, 2023 21:55:05.744 INFO: Created TensorFlow Lite XNNPACK delegate for CPU.
10월 11, 2023 22:13:54.355 INFO: Created TensorFlow Lite XNNPACK delegate for CPU.
10월 11, 2023 22:16:12.999 INFO: Created TensorFlow Lite XNNPACK delegate for CPU.
10월 11, 2023 23:01:17.910 INFO: Created TensorFlow Lite XNNPACK delegate for CPU.
10월 11, 2023 23:06:04.450 [12468:13684:1011/230604.449:ERROR:interface_endpoint_client.cc(702)] Message 0 rejected by interface blink.mojom.WidgetHost
10월 11, 2023 23:21:53.253 INFO: Created TensorFlow Lite XNNPACK delegate for CPU.

10월 11, 2023 23:41:27.909 NEW SESSION
10월 11, 2023 23:41:27.909 INFO: Created TensorFlow Lite XNNPACK delegate for CPU.

10월 12, 2023 09:32:40.34 NEW SESSION
10월 12, 2023 09:32:40.34 INFO: Created TensorFlow Lite XNNPACK delegate for CPU.
10월 12, 2023 10:11:31.522 INFO: Created TensorFlow Lite XNNPACK delegate for CPU.

10월 13, 2023 09:58:47.976 NEW SESSION
10월 13, 2023 09:58:47.976 INFO: Created TensorFlow Lite XNNPACK delegate for CPU.
10월 13, 2023 10:04:38.519 INFO: Created TensorFlow Lite XNNPACK delegate for CPU.
10월 13, 2023 10:05:37.959 INFO: Created TensorFlow Lite XNNPACK delegate for CPU.
10월 13, 2023 10:40:27.965 INFO: Created TensorFlow Lite XNNPACK delegate for CPU.
10월 13, 2023 10:46:14.939 [17704:8920:1013/104614.939:ERROR:interface_endpoint_client.cc(702)] Message 0 rejected by interface blink.mojom.WidgetHost
10월 13, 2023 12:27:09.59 INFO: Created TensorFlow Lite XNNPACK delegate for CPU.
10월 13, 2023 13:56:09.566 [12784:2612:1013/135609.566:ERROR:connection_factory_impl.cc(471)] ConnectionHandler failed with net error: -2
10월 13, 2023 13:58:30.46 [12784:2612:1013/135830.046:ERROR:connection_factory_impl.cc(471)] ConnectionHandler failed with net error: -2
10월 13, 2023 13:58:32.69 [12784:2612:1013/135832.068:ERROR:connection_factory_impl.cc(471)] ConnectionHandler failed with net error: -2
10월 13, 2023 14:08:35.86 [12784:2612:1013/140835.085:ERROR:connection_factory_impl.cc(471)] ConnectionHandler failed with net error: -2
10월 13, 2023 14:08:37.510 [12784:2612:1013/140837.510:ERROR:connection_factory_impl.cc(471)] ConnectionHandler failed with net error: -2
10월 13, 2023 14:09:43.536 [12784:2612:1013/140943.536:ERROR:connection_factory_impl.cc(471)] ConnectionHandler failed with net error: -2
10월 13, 2023 14:10:48.638 [12784:2612:1013/141048.637:ERROR:connection_factory_impl.cc(471)] ConnectionHandler failed with net error: -2
10월 13, 2023 14:45:20.203 [12784:2612:1013/144520.202:ERROR:connection_factory_impl.cc(471)] ConnectionHandler failed with net error: -2
10월 13, 2023 16:44:56.467 [19432:8436:1013/164456.466:ERROR:get_updates_processor.cc(261)] PostClientToServerMessage() failed during GetUpdates with error 2

10월 14, 2023 23:07:00.62 NEW SESSION
10월 14, 2023 23:07:00.62 INFO: Created TensorFlow Lite XNNPACK delegate for CPU.

10월 16, 2023 16:48:14.788 NEW SESSION
10월 16, 2023 16:48:14.789 [9080:3232:1016/164814.783:ERROR:interface_endpoint_client.cc(702)] Message 0 rejected by interface blink.mojom.WidgetHost
10월 16, 2023 17:28:52.717 기존 브라우저 세션에서 여는 중입니다.

10월 19, 2023 22:04:25.942 NEW SESSION
10월 19, 2023 22:04:25.942 [15440:7888:1019/220425.939:ERROR:interface_endpoint_client.cc(702)] Message 0 rejected by interface blink.mojom.WidgetHost

10월 22, 2023 19:52:39.826 NEW SESSION
10월 22, 2023 19:52:39.827 [6424:11236:1022/195239.824:ERROR:device_event_log_impl.cc(225)] [19:52:39.823] USB: usb_service_win.cc:104 SetupDiGetDeviceProperty({{A45C254E-DF1C-4EFD-8020-67D146A850E0}, 6}) failed: 요소가 없습니다. (0x490)
10월 22, 2023 19:52:45.955 [6424:11236:1022/195245.955:ERROR:device_event_log_impl.cc(225)] [19:52:45.948] USB: usb_service_win.cc:104 SetupDiGetDeviceProperty({{A45C254E-DF1C-4EFD-8020-67D146A850E0}, 6}) failed: 요소가 없습니다. (0x490)

10월 23, 2023 01:50:19.70 NEW SESSION
10월 23, 2023 01:50:19.70 [3828:1720:1023/015019.067:ERROR:get_updates_processor.cc(261)] PostClientToServerMessage() failed during GetUpdates with error 2

10월 24, 2023 09:26:41.288 NEW SESSION
10월 24, 2023 09:26:41.288 [7188:4128:1024/092641.284:ERROR:get_updates_processor.cc(261)] PostClientToServerMessage() failed during GetUpdates with error 2
10월 24, 2023 09:27:40.461 [8808:6776:1024/092740.461:ERROR:get_updates_processor.cc(261)] PostClientToServerMessage() failed during GetUpdates with error 2

10월 25, 2023 09:28:48.144 NEW SESSION
10월 25, 2023 09:28:48.144 [12300:12040:1025/092848.140:ERROR:interface_endpoint_client.cc(702)] Message 0 rejected by interface blink.mojom.WidgetHost
10월 25, 2023 09:58:06.615 [12300:12040:1025/095806.614:ERROR:interface_endpoint_client.cc(702)] Message 0 rejected by interface blink.mojom.WidgetHost
10월 25, 2023 11:10:36.129 INFO: Created TensorFlow Lite XNNPACK delegate for CPU.
10월 25, 2023 12:12:19.18 [12300:7492:1025/121219.018:ERROR:connection_factory_impl.cc(471)] ConnectionHandler failed with net error: -2
10월 25, 2023 14:11:33.744 [12300:12040:1025/141133.744:ERROR:interface_endpoint_client.cc(702)] Message 0 rejected by interface blink.mojom.WidgetHost
10월 25, 2023 14:42:31.444 [12300:7492:1025/144231.443:ERROR:connection_factory_impl.cc(471)] ConnectionHandler failed with net error: -2
10월 25, 2023 14:59:38.97 [12300:7492:1025/145938.096:ERROR:connection_factory_impl.cc(428)] Failed to connect to MCS endpoint with error -7
10월 25, 2023 15:43:15.875 [12300:12040:1025/154315.874:ERROR:interface_endpoint_client.cc(702)] Message 0 rejected by interface blink.mojom.WidgetHost
10월 25, 2023 16:18:24.44 [12300:7492:1025/161824.042:ERROR:connection_factory_impl.cc(471)] ConnectionHandler failed with net error: -2

10월 25, 2023 18:10:59.840 NEW SESSION
10월 25, 2023 18:10:59.840 [14896:8216:1025/181059.838:ERROR:connection_factory_impl.cc(428)] Failed to connect to MCS endpoint with error -105
10월 25, 2023 18:10:59.841 [14896:8216:1025/181059.838:ERROR:registration_request.cc(259)] Registration URL fetching failed.
10월 25, 2023 18:10:59.842 [14896:8216:1025/181059.838:ERROR:registration_request.cc(259)] Registration URL fetching failed.
10월 25, 2023 18:10:59.842 [14896:8216:1025/181059.838:ERROR:registration_request.cc(259)] Registration URL fetching failed.
10월 25, 2023 18:11:22.209 [14896:8216:1025/181122.208:ERROR:registration_request.cc(259)] Registration URL fetching failed.
10월 25, 2023 18:11:22.909 [14896:8216:1025/181122.909:ERROR:registration_request.cc(259)] Registration URL fetching failed.
10월 25, 2023 18:11:26.584 [14896:8216:1025/181126.584:ERROR:registration_request.cc(259)] Registration URL fetching failed.
10월 25, 2023 18:11:29.519 [14896:8216:1025/181129.518:ERROR:connection_factory_impl.cc(428)] Failed to connect to MCS endpoint with error -105
